\BOOKMARK [1][-]{section.1}{Peer}{}
\BOOKMARK [1][-]{section.2}{Node}{}
\BOOKMARK [2][-]{subsection.2.1}{Attributes}{section.2}
\BOOKMARK [2][-]{subsection.2.2}{Methods}{section.2}
\BOOKMARK [1][-]{section.3}{Socialwiki\137tree}{}
\BOOKMARK [2][-]{subsection.3.1}{methods}{section.3}
\BOOKMARK [1][-]{section.4}{Peerscore Algorithm}{}
\BOOKMARK [1][-]{section.5}{Pagescore}{}
\BOOKMARK [1][-]{section.6}{New Database Tables}{}
\BOOKMARK [2][-]{subsection.6.1}{socialwiki\137follows}{section.6}
\BOOKMARK [2][-]{subsection.6.2}{socialwiki\137likes}{section.6}
\BOOKMARK [2][-]{subsection.6.3}{socialwiki}{section.6}
\BOOKMARK [1][-]{section.7}{Files and Folders}{}
\BOOKMARK [2][-]{subsection.7.1}{Files in socialwiki root folder}{section.7}
\BOOKMARK [2][-]{subsection.7.2}{backup folder}{section.7}
\BOOKMARK [2][-]{subsection.7.3}{db folder}{section.7}
\BOOKMARK [2][-]{subsection.7.4}{folders /lang/en/}{section.7}
\BOOKMARK [2][-]{subsection.7.5}{pix folder}{section.7}
\BOOKMARK [2][-]{subsection.7.6}{tree\137jslib folder}{section.7}
\BOOKMARK [1][-]{section.8}{Users}{}
\BOOKMARK [2][-]{subsection.8.1}{Admin User and Teachers}{section.8}
\BOOKMARK [2][-]{subsection.8.2}{Enrolled Users}{section.8}
